/mnt/workspace/ycb/git_test/bbyDemo/group_gemm/third-party/cutlass/tools/util/include/cutlass/util/device_memory.h:75  cutlass::device_memory::allocate: Successful cudaMalloc: bytes=12
/mnt/workspace/ycb/git_test/bbyDemo/group_gemm/third-party/cutlass/tools/util/include/cutlass/util/device_memory.h:75  cutlass::device_memory::allocate: Successful cudaMalloc: bytes=8
/mnt/workspace/ycb/git_test/bbyDemo/group_gemm/third-party/cutlass/tools/util/include/cutlass/util/device_memory.h:75  cutlass::device_memory::allocate: Successful cudaMalloc: bytes=8
/mnt/workspace/ycb/git_test/bbyDemo/group_gemm/third-party/cutlass/tools/util/include/cutlass/util/device_memory.h:75  cutlass::device_memory::allocate: Successful cudaMalloc: bytes=8
/mnt/workspace/ycb/git_test/bbyDemo/group_gemm/third-party/cutlass/tools/util/include/cutlass/util/device_memory.h:75  cutlass::device_memory::allocate: Successful cudaMalloc: bytes=8
/mnt/workspace/ycb/git_test/bbyDemo/group_gemm/third-party/cutlass/tools/util/include/cutlass/util/device_memory.h:75  cutlass::device_memory::allocate: Successful cudaMalloc: bytes=8
/mnt/workspace/ycb/git_test/bbyDemo/group_gemm/third-party/cutlass/tools/util/include/cutlass/util/device_memory.h:75  cutlass::device_memory::allocate: Successful cudaMalloc: bytes=8
/mnt/workspace/ycb/git_test/bbyDemo/group_gemm/third-party/cutlass/tools/util/include/cutlass/util/device_memory.h:75  cutlass::device_memory::allocate: Successful cudaMalloc: bytes=8
/mnt/workspace/ycb/git_test/bbyDemo/group_gemm/third-party/cutlass/tools/util/include/cutlass/util/device_memory.h:75  cutlass::device_memory::allocate: Successful cudaMalloc: bytes=8
/mnt/workspace/ycb/git_test/bbyDemo/group_gemm/third-party/cutlass/tools/util/include/cutlass/util/device_memory.h:75  cutlass::device_memory::allocate: Successful cudaMalloc: bytes=8
/mnt/workspace/ycb/git_test/bbyDemo/group_gemm/third-party/cutlass/tools/util/include/cutlass/util/device_memory.h:75  cutlass::device_memory::allocate: Successful cudaMalloc: bytes=8
/mnt/workspace/ycb/git_test/bbyDemo/group_gemm/third-party/cutlass/tools/util/include/cutlass/util/device_memory.h:75  cutlass::device_memory::allocate: Successful cudaMalloc: bytes=20
/mnt/workspace/ycb/git_test/bbyDemo/group_gemm/third-party/cutlass/tools/util/include/cutlass/util/device_memory.h:75  cutlass::device_memory::allocate: Successful cudaMalloc: bytes=20
/mnt/workspace/ycb/git_test/bbyDemo/group_gemm/third-party/cutlass/include/cutlass/cluster_launch.hpp:177  ClusterLauncher: Setting ClusterDims = (1, 1, 1)

/mnt/workspace/ycb/git_test/bbyDemo/group_gemm/third-party/cutlass/include/cutlass/kernel_hardware_info.h:102  cudaOccupancyMaxActiveClusters: maximum number of clusters that could co-exist on the target device = 132

/mnt/workspace/ycb/git_test/bbyDemo/group_gemm/third-party/cutlass/include/cutlass/gemm/device/gemm_universal_adapter.h:244    workspace_bytes: 84480
/mnt/workspace/ycb/git_test/bbyDemo/group_gemm/third-party/cutlass/tools/util/include/cutlass/util/device_memory.h:75  cutlass::device_memory::allocate: Successful cudaMalloc: bytes=84480
/mnt/workspace/ycb/git_test/bbyDemo/group_gemm/third-party/cutlass/include/cutlass/gemm/device/gemm_universal_adapter.h:312  GemmUniversal::initialize() - workspace 0x7fa413a21e00, stream: null
/mnt/workspace/ycb/git_test/bbyDemo/group_gemm/third-party/cutlass/include/cutlass/gemm/kernel/sm90_gemm_array_tma_warpspecialized_cooperative.hpp:240  to_underlying_arguments():
/mnt/workspace/ycb/git_test/bbyDemo/group_gemm/third-party/cutlass/include/cutlass/gemm/kernel/sm90_gemm_array_tma_warpspecialized_cooperative.hpp:251  to_underlying_arguments(): Setting persistent grid SM count to 132
/mnt/workspace/ycb/git_test/bbyDemo/group_gemm/third-party/cutlass/include/cutlass/gemm/kernel/sm90_gemm_array_tma_warpspecialized_cooperative.hpp:261  to_underlying_arguments(): Setting persistent grid cluster count to 132
/mnt/workspace/ycb/git_test/bbyDemo/group_gemm/third-party/cutlass/include/cutlass/gemm/device/gemm_universal_adapter.h:335    Setting smem size to 201728
/mnt/workspace/ycb/git_test/bbyDemo/group_gemm/third-party/cutlass/include/cutlass/gemm/device/gemm_universal_adapter.h:371  GemmUniversal::run()
/mnt/workspace/ycb/git_test/bbyDemo/group_gemm/third-party/cutlass/include/cutlass/gemm/device/gemm_universal_adapter.h:382  GemmUniversal::run: Use extended launch API
/mnt/workspace/ycb/git_test/bbyDemo/group_gemm/third-party/cutlass/include/cutlass/gemm/device/gemm_universal_adapter.h:449  GemmUniversal::run: Launching static 1x1x1 kernel
/mnt/workspace/ycb/git_test/bbyDemo/group_gemm/third-party/cutlass/include/cutlass/kernel_launch.h:84  cutlass::kernel_launch
/mnt/workspace/ycb/git_test/bbyDemo/group_gemm/third-party/cutlass/include/cutlass/kernel_launch.h:89  cutlass::kernel_launch: No PDL
/mnt/workspace/ycb/git_test/bbyDemo/group_gemm/third-party/cutlass/include/cutlass/kernel_launch.h:130  cutlass::kernel_launch: cudaGetLastError reports success
/mnt/workspace/ycb/git_test/bbyDemo/group_gemm/third-party/cutlass/include/cutlass/gemm/device/gemm_universal_adapter.h:458  GemmUniversal::run: cutlass::kernel_launch reports success
/mnt/workspace/ycb/git_test/bbyDemo/group_gemm/third-party/cutlass/include/cutlass/gemm/device/gemm_universal_adapter.h:556  GemmUniversal::run: cudaGetLastError reports success
/mnt/workspace/ycb/git_test/bbyDemo/group_gemm/third-party/cutlass/tools/util/include/cutlass/util/device_memory.h:75  cutlass::device_memory::allocate: Successful cudaMalloc: bytes=12
/mnt/workspace/ycb/git_test/bbyDemo/group_gemm/third-party/cutlass/tools/util/include/cutlass/util/device_memory.h:75  cutlass::device_memory::allocate: Successful cudaMalloc: bytes=8
/mnt/workspace/ycb/git_test/bbyDemo/group_gemm/third-party/cutlass/tools/util/include/cutlass/util/device_memory.h:75  cutlass::device_memory::allocate: Successful cudaMalloc: bytes=8
/mnt/workspace/ycb/git_test/bbyDemo/group_gemm/third-party/cutlass/tools/util/include/cutlass/util/device_memory.h:75  cutlass::device_memory::allocate: Successful cudaMalloc: bytes=8
/mnt/workspace/ycb/git_test/bbyDemo/group_gemm/third-party/cutlass/tools/util/include/cutlass/util/device_memory.h:75  cutlass::device_memory::allocate: Successful cudaMalloc: bytes=8
/mnt/workspace/ycb/git_test/bbyDemo/group_gemm/third-party/cutlass/tools/util/include/cutlass/util/device_memory.h:75  cutlass::device_memory::allocate: Successful cudaMalloc: bytes=8
/mnt/workspace/ycb/git_test/bbyDemo/group_gemm/third-party/cutlass/tools/util/include/cutlass/util/device_memory.h:75  cutlass::device_memory::allocate: Successful cudaMalloc: bytes=8
/mnt/workspace/ycb/git_test/bbyDemo/group_gemm/third-party/cutlass/tools/util/include/cutlass/util/device_memory.h:75  cutlass::device_memory::allocate: Successful cudaMalloc: bytes=8
/mnt/workspace/ycb/git_test/bbyDemo/group_gemm/third-party/cutlass/tools/util/include/cutlass/util/device_memory.h:75  cutlass::device_memory::allocate: Successful cudaMalloc: bytes=8
/mnt/workspace/ycb/git_test/bbyDemo/group_gemm/third-party/cutlass/tools/util/include/cutlass/util/device_memory.h:75  cutlass::device_memory::allocate: Successful cudaMalloc: bytes=8
/mnt/workspace/ycb/git_test/bbyDemo/group_gemm/third-party/cutlass/tools/util/include/cutlass/util/device_memory.h:75  cutlass::device_memory::allocate: Successful cudaMalloc: bytes=8
/mnt/workspace/ycb/git_test/bbyDemo/group_gemm/third-party/cutlass/tools/util/include/cutlass/util/device_memory.h:75  cutlass::device_memory::allocate: Successful cudaMalloc: bytes=20
/mnt/workspace/ycb/git_test/bbyDemo/group_gemm/third-party/cutlass/tools/util/include/cutlass/util/device_memory.h:75  cutlass::device_memory::allocate: Successful cudaMalloc: bytes=20
/mnt/workspace/ycb/git_test/bbyDemo/group_gemm/third-party/cutlass/include/cutlass/cluster_launch.hpp:177  ClusterLauncher: Setting ClusterDims = (1, 1, 1)

/mnt/workspace/ycb/git_test/bbyDemo/group_gemm/third-party/cutlass/include/cutlass/kernel_hardware_info.h:102  cudaOccupancyMaxActiveClusters: maximum number of clusters that could co-exist on the target device = 132

/mnt/workspace/ycb/git_test/bbyDemo/group_gemm/third-party/cutlass/include/cutlass/gemm/device/gemm_universal_adapter.h:244    workspace_bytes: 84480
/mnt/workspace/ycb/git_test/bbyDemo/group_gemm/third-party/cutlass/tools/util/include/cutlass/util/device_memory.h:75  cutlass::device_memory::allocate: Successful cudaMalloc: bytes=84480
/mnt/workspace/ycb/git_test/bbyDemo/group_gemm/third-party/cutlass/include/cutlass/gemm/device/gemm_universal_adapter.h:312  GemmUniversal::initialize() - workspace 0x7fa413a22000, stream: null
/mnt/workspace/ycb/git_test/bbyDemo/group_gemm/third-party/cutlass/include/cutlass/gemm/kernel/sm90_gemm_array_tma_warpspecialized_cooperative.hpp:240  to_underlying_arguments():
/mnt/workspace/ycb/git_test/bbyDemo/group_gemm/third-party/cutlass/include/cutlass/gemm/kernel/sm90_gemm_array_tma_warpspecialized_cooperative.hpp:251  to_underlying_arguments(): Setting persistent grid SM count to 132
/mnt/workspace/ycb/git_test/bbyDemo/group_gemm/third-party/cutlass/include/cutlass/gemm/kernel/sm90_gemm_array_tma_warpspecialized_cooperative.hpp:261  to_underlying_arguments(): Setting persistent grid cluster count to 132
/mnt/workspace/ycb/git_test/bbyDemo/group_gemm/third-party/cutlass/include/cutlass/gemm/device/gemm_universal_adapter.h:335    Setting smem size to 201728
/mnt/workspace/ycb/git_test/bbyDemo/group_gemm/third-party/cutlass/include/cutlass/gemm/device/gemm_universal_adapter.h:371  GemmUniversal::run()
/mnt/workspace/ycb/git_test/bbyDemo/group_gemm/third-party/cutlass/include/cutlass/gemm/device/gemm_universal_adapter.h:382  GemmUniversal::run: Use extended launch API
/mnt/workspace/ycb/git_test/bbyDemo/group_gemm/third-party/cutlass/include/cutlass/gemm/device/gemm_universal_adapter.h:449  GemmUniversal::run: Launching static 1x1x1 kernel
/mnt/workspace/ycb/git_test/bbyDemo/group_gemm/third-party/cutlass/include/cutlass/kernel_launch.h:84  cutlass::kernel_launch
/mnt/workspace/ycb/git_test/bbyDemo/group_gemm/third-party/cutlass/include/cutlass/kernel_launch.h:89  cutlass::kernel_launch: No PDL
/mnt/workspace/ycb/git_test/bbyDemo/group_gemm/third-party/cutlass/include/cutlass/kernel_launch.h:135    Kernel launch failed. Reason: an illegal memory access was encountered
/mnt/workspace/ycb/git_test/bbyDemo/group_gemm/third-party/cutlass/include/cutlass/gemm/device/gemm_universal_adapter.h:454  GemmUniversal::run: cutlass::kernel_launch reports failure
/mnt/workspace/ycb/git_test/bbyDemo/group_gemm/third-party/cutlass/include/cutlass/gemm/device/gemm_universal_adapter.h:561    Kernel launch failed. Reason: no error
